03:48:08.215 [main] INFO  com.epoccoverter.testcases.TC01_Getrequest - **********Assertion is completed***************
03:48:09.491 [main] INFO  com.epoccoverter.testcases.TC01_Getrequest - **********Get Request is completed***************
03:48:10.769 [main] INFO  com.epoccoverter.testcases.TC01_Getrequest - **********Get Request is completed***************
03:48:36.916 [main] DEBUG com.epoccoverter.testcases.TC01_Getrequest - debugging.....
03:48:36.930 [main] INFO  com.epoccoverter.testcases.TC01_Getrequest - ********** Loading properties file  ***************
03:48:38.590 [main] INFO  com.epoccoverter.testcases.TC01_Getrequest - **********Get Request is completed***************
03:48:38.879 [main] INFO  com.epoccoverter.testcases.TC01_Getrequest - **********Get Request is completed***************
03:48:38.884 [main] INFO  com.epoccoverter.testcases.TC01_Getrequest - **********Assertion is completed***************
03:48:39.409 [main] INFO  com.epoccoverter.testcases.TC01_Getrequest - **********Date validation is completed***************
03:48:39.742 [main] INFO  com.epoccoverter.testcases.TC01_Getrequest - **********Get Request is completed***************
03:48:40.034 [main] INFO  com.epoccoverter.testcases.TC01_Getrequest - **********Get Request is completed***************
03:48:40.034 [main] INFO  com.epoccoverter.testcases.TC01_Getrequest - **********Assertion is completed***************
03:48:41.350 [main] INFO  com.epoccoverter.testcases.TC01_Getrequest - **********Get Request is completed***************
03:48:42.601 [main] INFO  com.epoccoverter.testcases.TC01_Getrequest - **********Get Request is completed***************
03:50:41.565 [main] DEBUG com.epoccoverter.testcases.TC01_Getrequest - debugging.....
03:50:41.584 [main] INFO  com.epoccoverter.testcases.TC01_Getrequest - ********** Loading properties file  ***************
03:50:43.153 [main] INFO  com.epoccoverter.testcases.TC01_Getrequest - **********Get Request is completed***************
03:50:43.493 [main] INFO  com.epoccoverter.testcases.TC01_Getrequest - **********Get Request is completed***************
03:50:43.497 [main] INFO  com.epoccoverter.testcases.TC01_Getrequest - **********Assertion is completed***************
03:50:43.759 [main] INFO  com.epoccoverter.testcases.TC01_Getrequest - **********Date validation is completed***************
03:50:44.080 [main] INFO  com.epoccoverter.testcases.TC01_Getrequest - **********Get Request is completed***************
03:50:44.372 [main] INFO  com.epoccoverter.testcases.TC01_Getrequest - **********Get Request is completed***************
03:50:44.373 [main] INFO  com.epoccoverter.testcases.TC01_Getrequest - **********Assertion is completed***************
03:50:45.663 [main] INFO  com.epoccoverter.testcases.TC01_Getrequest - **********Get Request is completed***************
03:52:55.937 [main] DEBUG com.epoccoverter.testcases.TC01_Getrequest - debugging.....
03:52:55.951 [main] INFO  com.epoccoverter.testcases.TC01_Getrequest - ********** Loading properties file  ***************
03:52:57.540 [main] INFO  com.epoccoverter.testcases.TC01_Getrequest - **********Get Request is completed***************
03:52:57.938 [main] INFO  com.epoccoverter.testcases.TC01_Getrequest - **********Get Request is completed***************
03:52:57.940 [main] INFO  com.epoccoverter.testcases.TC01_Getrequest - **********Assertion is completed***************
03:52:58.229 [main] INFO  com.epoccoverter.testcases.TC01_Getrequest - **********Date validation is completed***************
03:52:58.593 [main] INFO  com.epoccoverter.testcases.TC01_Getrequest - **********Get Request is completed***************
03:52:58.894 [main] INFO  com.epoccoverter.testcases.TC01_Getrequest - **********Get Request is completed***************
03:52:58.895 [main] INFO  com.epoccoverter.testcases.TC01_Getrequest - **********Assertion is completed***************
03:53:00.189 [main] INFO  com.epoccoverter.testcases.TC01_Getrequest - **********Get Request is completed***************
03:53:01.515 [main] INFO  com.epoccoverter.testcases.TC01_Getrequest - **********Get Request is completed***************
03:54:37.147 [main] DEBUG com.epoccoverter.testcases.TC01_Getrequest - debugging.....
03:54:37.160 [main] INFO  com.epoccoverter.testcases.TC01_Getrequest - ********** Loading properties file  ***************
03:54:38.791 [main] INFO  com.epoccoverter.testcases.TC01_Getrequest - **********Get Request is completed***************
03:54:39.078 [main] INFO  com.epoccoverter.testcases.TC01_Getrequest - **********Get Request is completed***************
03:54:39.080 [main] INFO  com.epoccoverter.testcases.TC01_Getrequest - **********Assertion is completed***************
03:54:39.370 [main] INFO  com.epoccoverter.testcases.TC01_Getrequest - **********Date validation is completed***************
03:54:39.687 [main] INFO  com.epoccoverter.testcases.TC01_Getrequest - **********Get Request is completed***************
03:54:39.973 [main] INFO  com.epoccoverter.testcases.TC01_Getrequest - **********Get Request is completed***************
03:54:39.974 [main] INFO  com.epoccoverter.testcases.TC01_Getrequest - **********Assertion is completed***************
03:54:41.235 [main] INFO  com.epoccoverter.testcases.TC01_Getrequest - **********Get Request is completed***************
03:54:41.495 [main] INFO  com.epoccoverter.testcases.TC01_Getrequest - **********Get Request is completed***************
03:55:52.664 [main] DEBUG com.epoccoverter.testcases.TC01_Getrequest - debugging.....
03:55:52.682 [main] INFO  com.epoccoverter.testcases.TC01_Getrequest - ********** Loading properties file  ***************
03:55:54.358 [main] INFO  com.epoccoverter.testcases.TC01_Getrequest - **********Get Request is completed***************
03:55:54.736 [main] INFO  com.epoccoverter.testcases.TC01_Getrequest - **********Get Request is completed***************
03:55:54.738 [main] INFO  com.epoccoverter.testcases.TC01_Getrequest - **********Assertion is completed***************
03:55:55.071 [main] INFO  com.epoccoverter.testcases.TC01_Getrequest - **********Date validation is completed***************
03:55:55.335 [main] INFO  com.epoccoverter.testcases.TC01_Getrequest - **********Get Request is completed***************
03:55:55.575 [main] INFO  com.epoccoverter.testcases.TC01_Getrequest - **********Get Request is completed***************
03:55:55.576 [main] INFO  com.epoccoverter.testcases.TC01_Getrequest - **********Assertion is completed***************
03:55:56.846 [main] INFO  com.epoccoverter.testcases.TC01_Getrequest - **********Get Request is completed***************
03:55:57.083 [main] INFO  com.epoccoverter.testcases.TC01_Getrequest - **********Get Request is completed***************
04:06:29.141 [main] DEBUG com.epoccoverter.testcases.TC01_Getrequest - debugging.....
04:06:29.158 [main] INFO  com.epoccoverter.testcases.TC01_Getrequest - ********** Loading properties file  ***************
04:06:30.788 [main] INFO  com.epoccoverter.testcases.TC01_Getrequest - **********Get Request is completed***************
04:06:31.060 [main] INFO  com.epoccoverter.testcases.TC01_Getrequest - **********Get Request is completed***************
04:06:31.063 [main] INFO  com.epoccoverter.testcases.TC01_Getrequest - **********Assertion is completed***************
04:06:31.348 [main] INFO  com.epoccoverter.testcases.TC01_Getrequest - **********Date validation is completed***************
04:06:31.640 [main] INFO  com.epoccoverter.testcases.TC01_Getrequest - **********Get Request is completed***************
04:06:31.970 [main] INFO  com.epoccoverter.testcases.TC01_Getrequest - **********Get Request is completed***************
04:06:31.971 [main] INFO  com.epoccoverter.testcases.TC01_Getrequest - **********Assertion is completed***************
04:06:33.289 [main] INFO  com.epoccoverter.testcases.TC01_Getrequest - **********Get Request is completed***************
04:06:33.556 [main] INFO  com.epoccoverter.testcases.TC01_Getrequest - **********Get Request is completed***************
04:12:25.766 [main] DEBUG com.epoccoverter.testcases.TC01_Getrequest - debugging.....
04:12:27.450 [main] INFO  com.epoccoverter.testcases.TC01_Getrequest - **********Get Request is completed***************
04:12:28.357 [main] INFO  com.epoccoverter.testcases.TC01_Getrequest - **********Get Request is completed***************
04:12:28.358 [main] INFO  com.epoccoverter.testcases.TC01_Getrequest - **********Assertion is completed***************
04:12:28.637 [main] INFO  com.epoccoverter.testcases.TC01_Getrequest - **********Date validation is completed***************
04:12:29.037 [main] INFO  com.epoccoverter.testcases.TC01_Getrequest - **********Get Request is completed***************
04:12:29.330 [main] INFO  com.epoccoverter.testcases.TC01_Getrequest - **********Get Request is completed***************
04:12:29.330 [main] INFO  com.epoccoverter.testcases.TC01_Getrequest - **********Assertion is completed***************
04:12:30.624 [main] INFO  com.epoccoverter.testcases.TC01_Getrequest - **********Get Request is completed***************
04:12:32.179 [main] INFO  com.epoccoverter.testcases.TC01_Getrequest - **********Get Request is completed***************
