16:51:19.073 [main] INFO  com.epoccoverter.testcases.TC2_Getrequest - ********** Loading properties file  ***************
16:51:22.217 [main] INFO  com.epoccoverter.testcases.TC2_Getrequest - **********Get Request is completed***************
16:58:58.489 [main] INFO  com.epoccoverter.testcases.TC2_Getrequest - ********** Loading properties file  ***************
16:59:01.243 [main] INFO  com.epoccoverter.testcases.TC2_Getrequest - **********Get Request is completed***************
16:59:01.268 [main] INFO  com.epoccoverter.testcases.TC2_Getrequest - ********** Loading properties file  ***************
16:59:02.263 [main] INFO  com.epoccoverter.testcases.TC2_Getrequest - **********Get Request is completed***************
17:05:27.888 [main] INFO  com.epoccoverter.testcases.TC2_Getrequest - ********** Loading properties file  ***************
17:05:30.963 [main] INFO  com.epoccoverter.testcases.TC2_Getrequest - **********Get Request is completed***************
17:05:30.985 [main] INFO  com.epoccoverter.testcases.TC2_Getrequest - ********** Loading properties file  ***************
17:07:12.994 [main] INFO  com.epoccoverter.testcases.TC2_Getrequest - ********** Loading properties file  ***************
17:07:15.709 [main] INFO  com.epoccoverter.testcases.TC2_Getrequest - **********Get Request is completed***************
17:07:15.743 [main] INFO  com.epoccoverter.testcases.TC2_Getrequest - ********** Loading properties file  ***************
17:07:16.734 [main] INFO  com.epoccoverter.testcases.TC2_Getrequest - **********Get Request is completed***************
17:20:32.693 [main] INFO  com.epoccoverter.testcases.TC2_Getrequest - ********** Loading properties file  ***************
17:20:35.394 [main] INFO  com.epoccoverter.testcases.TC2_Getrequest - **********Get Request is completed***************
17:20:35.427 [main] INFO  com.epoccoverter.testcases.TC2_Getrequest - ********** Loading properties file  ***************
17:20:36.618 [main] INFO  com.epoccoverter.testcases.TC2_Getrequest - **********Get Request is completed***************
17:23:15.452 [main] INFO  com.epoccoverter.testcases.TC2_Getrequest - ********** Loading properties file  ***************
17:23:18.309 [main] INFO  com.epoccoverter.testcases.TC2_Getrequest - **********Get Request is completed***************
17:23:18.339 [main] INFO  com.epoccoverter.testcases.TC2_Getrequest - ********** Loading properties file  ***************
17:23:23.039 [main] INFO  com.epoccoverter.testcases.TC2_Getrequest - **********Get Request is completed***************
17:30:29.785 [main] INFO  com.epoccoverter.testcases.TC2_Getrequest - ********** Loading properties file  ***************
17:30:32.396 [main] INFO  com.epoccoverter.testcases.TC2_Getrequest - **********Get Request is completed***************
17:31:04.482 [main] INFO  com.epoccoverter.testcases.TC2_Getrequest - ********** Loading properties file  ***************
17:31:06.865 [main] INFO  com.epoccoverter.testcases.TC2_Getrequest - **********Get Request is completed***************
21:54:06.556 [main] INFO  com.epoccoverter.testcases.TC2_Getrequest - ********** Loading properties file  ***************
21:54:10.120 [main] INFO  com.epoccoverter.testcases.TC2_Getrequest - **********Get Request is completed***************
21:56:41.662 [main] INFO  com.epoccoverter.testcases.TC2_Getrequest - ********** Loading properties file  ***************
21:56:46.116 [main] INFO  com.epoccoverter.testcases.TC2_Getrequest - **********Get Request is completed***************
21:59:19.928 [main] INFO  com.epoccoverter.testcases.TC2_Getrequest - ********** Loading properties file  ***************
21:59:24.225 [main] INFO  com.epoccoverter.testcases.TC2_Getrequest - **********Get Request is completed***************
22:01:03.448 [main] INFO  com.epoccoverter.testcases.TC2_Getrequest - ********** Loading properties file  ***************
22:03:40.611 [main] INFO  com.epoccoverter.testcases.TC2_Getrequest - ********** Loading properties file  ***************
22:03:42.813 [main] INFO  com.epoccoverter.testcases.TC2_Getrequest - **********Get Request is completed***************
22:04:27.625 [main] INFO  com.epoccoverter.testcases.TC2_Getrequest - ********** Loading properties file  ***************
22:04:29.758 [main] INFO  com.epoccoverter.testcases.TC2_Getrequest - **********Get Request is completed***************
22:11:40.107 [main] INFO  com.epoccoverter.testcases.TC2_Getrequest - ********** Loading properties file  ***************
22:11:41.963 [main] INFO  com.epoccoverter.testcases.TC2_Getrequest - **********Get Request is completed***************
22:11:41.986 [main] INFO  com.epoccoverter.testcases.TC2_Getrequest - ********** Loading properties file  ***************
22:11:42.305 [main] INFO  com.epoccoverter.testcases.TC2_Getrequest - **********Get Request is completed***************
22:19:25.923 [main] INFO  com.epoccoverter.testcases.TC2_Getrequest - ********** Loading properties file  ***************
22:19:27.826 [main] INFO  com.epoccoverter.testcases.TC2_Getrequest - **********Get Request is completed***************
22:19:27.836 [main] INFO  com.epoccoverter.testcases.TC2_Getrequest - ********** Loading properties file  ***************
22:19:28.408 [main] INFO  com.epoccoverter.testcases.TC2_Getrequest - **********Get Request is completed***************
22:20:26.383 [main] INFO  com.epoccoverter.testcases.TC2_Getrequest - ********** Loading properties file  ***************
22:20:28.001 [main] INFO  com.epoccoverter.testcases.TC2_Getrequest - **********Get Request is completed***************
22:20:28.011 [main] INFO  com.epoccoverter.testcases.TC2_Getrequest - ********** Loading properties file  ***************
22:20:28.285 [main] INFO  com.epoccoverter.testcases.TC2_Getrequest - **********Get Request is completed***************
22:21:06.136 [main] INFO  com.epoccoverter.testcases.TC2_Getrequest - ********** Loading properties file  ***************
22:21:08.004 [main] INFO  com.epoccoverter.testcases.TC2_Getrequest - **********Get Request is completed***************
22:21:08.021 [main] INFO  com.epoccoverter.testcases.TC2_Getrequest - ********** Loading properties file  ***************
22:21:08.579 [main] INFO  com.epoccoverter.testcases.TC2_Getrequest - **********Get Request is completed***************
22:25:41.930 [main] INFO  com.epoccoverter.testcases.TC2_Getrequest - ********** Loading properties file  ***************
22:25:44.192 [main] INFO  com.epoccoverter.testcases.TC2_Getrequest - **********Get Request is completed***************
22:25:44.217 [main] INFO  com.epoccoverter.testcases.TC2_Getrequest - ********** Loading properties file  ***************
22:25:44.553 [main] INFO  com.epoccoverter.testcases.TC2_Getrequest - **********Get Request is completed***************
22:27:00.197 [main] INFO  com.epoccoverter.testcases.TC2_Getrequest - ********** Loading properties file  ***************
22:27:01.860 [main] INFO  com.epoccoverter.testcases.TC2_Getrequest - **********Get Request is completed***************
22:27:01.885 [main] INFO  com.epoccoverter.testcases.TC2_Getrequest - ********** Loading properties file  ***************
22:27:02.211 [main] INFO  com.epoccoverter.testcases.TC2_Getrequest - **********Get Request is completed***************
22:30:01.361 [main] INFO  com.epoccoverter.testcases.TC2_Getrequest - ********** Loading properties file  ***************
22:30:02.942 [main] INFO  com.epoccoverter.testcases.TC2_Getrequest - **********Get Request is completed***************
22:30:02.967 [main] INFO  com.epoccoverter.testcases.TC2_Getrequest - ********** Loading properties file  ***************
22:30:03.843 [main] INFO  com.epoccoverter.testcases.TC2_Getrequest - **********Get Request is completed***************
22:30:52.039 [main] INFO  com.epoccoverter.testcases.TC2_Getrequest - ********** Loading properties file  ***************
22:30:53.791 [main] INFO  com.epoccoverter.testcases.TC2_Getrequest - **********Get Request is completed***************
22:30:53.816 [main] INFO  com.epoccoverter.testcases.TC2_Getrequest - ********** Loading properties file  ***************
22:30:54.783 [main] INFO  com.epoccoverter.testcases.TC2_Getrequest - **********Get Request is completed***************
22:32:46.835 [main] INFO  com.epoccoverter.testcases.TC2_Getrequest - ********** Loading properties file  ***************
22:32:48.501 [main] INFO  com.epoccoverter.testcases.TC2_Getrequest - **********Get Request is completed***************
22:32:48.527 [main] INFO  com.epoccoverter.testcases.TC2_Getrequest - ********** Loading properties file  ***************
22:32:48.784 [main] INFO  com.epoccoverter.testcases.TC2_Getrequest - **********Get Request is completed***************
22:33:36.059 [main] INFO  com.epoccoverter.testcases.TC2_Getrequest - ********** Loading properties file  ***************
22:33:37.695 [main] INFO  com.epoccoverter.testcases.TC2_Getrequest - **********Get Request is completed***************
22:33:37.719 [main] INFO  com.epoccoverter.testcases.TC2_Getrequest - ********** Loading properties file  ***************
22:33:38.595 [main] INFO  com.epoccoverter.testcases.TC2_Getrequest - **********Get Request is completed***************
22:34:28.305 [main] INFO  com.epoccoverter.testcases.TC2_Getrequest - ********** Loading properties file  ***************
22:34:29.904 [main] INFO  com.epoccoverter.testcases.TC2_Getrequest - **********Get Request is completed***************
22:34:29.929 [main] INFO  com.epoccoverter.testcases.TC2_Getrequest - ********** Loading properties file  ***************
22:34:31.229 [main] INFO  com.epoccoverter.testcases.TC2_Getrequest - **********Get Request is completed***************
22:36:44.369 [main] INFO  com.epoccoverter.testcases.TC2_Getrequest - ********** Loading properties file  ***************
22:36:46.051 [main] INFO  com.epoccoverter.testcases.TC2_Getrequest - **********Get Request is completed***************
22:36:46.076 [main] INFO  com.epoccoverter.testcases.TC2_Getrequest - ********** Loading properties file  ***************
22:36:47.039 [main] INFO  com.epoccoverter.testcases.TC2_Getrequest - **********Get Request is completed***************
22:39:04.922 [main] INFO  com.epoccoverter.testcases.TC2_Getrequest - ********** Loading properties file  ***************
22:39:06.539 [main] INFO  com.epoccoverter.testcases.TC2_Getrequest - **********Get Request is completed***************
22:39:06.563 [main] INFO  com.epoccoverter.testcases.TC2_Getrequest - ********** Loading properties file  ***************
22:39:07.619 [main] INFO  com.epoccoverter.testcases.TC2_Getrequest - **********Get Request is completed***************
22:39:45.763 [main] INFO  com.epoccoverter.testcases.TC2_Getrequest - ********** Loading properties file  ***************
22:39:47.387 [main] INFO  com.epoccoverter.testcases.TC2_Getrequest - **********Get Request is completed***************
22:39:47.412 [main] INFO  com.epoccoverter.testcases.TC2_Getrequest - ********** Loading properties file  ***************
22:39:48.339 [main] INFO  com.epoccoverter.testcases.TC2_Getrequest - **********Get Request is completed***************
22:42:23.779 [main] INFO  com.epoccoverter.testcases.TC2_Getrequest - ********** Loading properties file  ***************
22:42:26.014 [main] INFO  com.epoccoverter.testcases.TC2_Getrequest - **********Get Request is completed***************
22:42:26.039 [main] INFO  com.epoccoverter.testcases.TC2_Getrequest - ********** Loading properties file  ***************
22:42:27.084 [main] INFO  com.epoccoverter.testcases.TC2_Getrequest - **********Get Request is completed***************
22:47:10.461 [main] INFO  com.epoccoverter.testcases.TC2_Getrequest - ********** Loading properties file  ***************
22:47:12.297 [main] INFO  com.epoccoverter.testcases.TC2_Getrequest - **********Get Request is completed***************
22:47:12.322 [main] INFO  com.epoccoverter.testcases.TC2_Getrequest - ********** Loading properties file  ***************
22:47:13.248 [main] INFO  com.epoccoverter.testcases.TC2_Getrequest - **********Get Request is completed***************
22:47:13.253 [main] INFO  com.epoccoverter.testcases.TC2_Getrequest - ********** Loading properties file  ***************
22:47:13.967 [main] INFO  com.epoccoverter.testcases.TC2_Getrequest - **********Get Request is completed***************
23:37:18.099 [main] INFO  com.epoccoverter.testcases.TC2_Getrequest - ********** Loading properties file  ***************
23:37:20.685 [main] INFO  com.epoccoverter.testcases.TC2_Getrequest - **********Get Request is completed***************
23:37:20.710 [main] INFO  com.epoccoverter.testcases.TC2_Getrequest - ********** Loading properties file  ***************
23:37:21.123 [main] INFO  com.epoccoverter.testcases.TC2_Getrequest - **********Get Request is completed***************
23:37:21.125 [main] INFO  com.epoccoverter.testcases.TC2_Getrequest - **********Date validation is completed***************
23:37:22.072 [main] INFO  com.epoccoverter.testcases.TC2_Getrequest - **********Get Request is completed***************
23:40:11.199 [main] INFO  com.epoccoverter.testcases.TC2_Getrequest - ********** Loading properties file  ***************
23:40:13.485 [main] INFO  com.epoccoverter.testcases.TC2_Getrequest - **********Get Request is completed***************
23:40:14.761 [main] INFO  com.epoccoverter.testcases.TC2_Getrequest - **********Get Request is completed***************
23:40:14.778 [main] INFO  com.epoccoverter.testcases.TC2_Getrequest - ********** Loading properties file  ***************
23:40:15.071 [main] INFO  com.epoccoverter.testcases.TC2_Getrequest - **********Get Request is completed***************
23:40:15.073 [main] INFO  com.epoccoverter.testcases.TC2_Getrequest - **********Date validation is completed***************
23:41:56.628 [main] INFO  com.epoccoverter.testcases.TC2_Getrequest - ********** Loading properties file  ***************
23:41:59.575 [main] INFO  com.epoccoverter.testcases.TC2_Getrequest - **********Get Request is completed***************
23:42:00.896 [main] INFO  com.epoccoverter.testcases.TC2_Getrequest - **********Get Request is completed***************
23:42:00.903 [main] INFO  com.epoccoverter.testcases.TC2_Getrequest - ********** Loading properties file  ***************
23:42:01.238 [main] INFO  com.epoccoverter.testcases.TC2_Getrequest - **********Get Request is completed***************
23:42:01.239 [main] INFO  com.epoccoverter.testcases.TC2_Getrequest - **********Date validation is completed***************
23:43:43.168 [main] INFO  com.epoccoverter.testcases.TC2_Getrequest - ********** Loading properties file  ***************
23:43:44.996 [main] INFO  com.epoccoverter.testcases.TC2_Getrequest - **********Get Request is completed***************
23:44:41.565 [main] INFO  com.epoccoverter.testcases.TC2_Getrequest - ********** Loading properties file  ***************
23:44:43.136 [main] INFO  com.epoccoverter.testcases.TC2_Getrequest - **********Get Request is completed***************
23:44:44.747 [main] INFO  com.epoccoverter.testcases.TC2_Getrequest - **********Get Request is completed***************
23:46:22.805 [main] INFO  com.epoccoverter.testcases.TC2_Getrequest - ********** Loading properties file  ***************
23:46:24.782 [main] INFO  com.epoccoverter.testcases.TC2_Getrequest - **********Get Request is completed***************
23:46:25.838 [main] INFO  com.epoccoverter.testcases.TC2_Getrequest - **********Get Request is completed***************
23:46:26.954 [main] INFO  com.epoccoverter.testcases.TC3_Invalidtimestamp - **********Get Request is completed***************
23:47:00.939 [main] INFO  com.epoccoverter.testcases.TC2_Getrequest - ********** Loading properties file  ***************
23:47:03.459 [main] INFO  com.epoccoverter.testcases.TC2_Getrequest - **********Get Request is completed***************
23:47:04.496 [main] INFO  com.epoccoverter.testcases.TC3_Invalidtimestamp - **********Get Request is completed***************
23:48:47.020 [main] INFO  com.epoccoverter.testcases.TC2_Getrequest - ********** Loading properties file  ***************
23:48:48.962 [main] INFO  com.epoccoverter.testcases.TC2_Getrequest - **********Get Request is completed***************
23:48:49.960 [main] INFO  com.epoccoverter.testcases.TC2_Getrequest - **********Get Request is completed***************
23:49:58.981 [main] INFO  com.epoccoverter.testcases.TC2_Getrequest - ********** Loading properties file  ***************
23:50:02.787 [main] INFO  com.epoccoverter.testcases.TC2_Getrequest - **********Get Request is completed***************
23:50:03.843 [main] INFO  com.epoccoverter.testcases.TC2_Getrequest - **********Get Request is completed***************
23:50:03.853 [main] INFO  com.epoccoverter.testcases.TC2_Getrequest - ********** Loading properties file  ***************
23:50:04.818 [main] INFO  com.epoccoverter.testcases.TC2_Getrequest - **********Get Request is completed***************
23:50:04.819 [main] INFO  com.epoccoverter.testcases.TC2_Getrequest - **********Date validation is completed***************
19:24:20.016 [main] INFO  com.epoccoverter.testcases.TC2_Getrequest - ********** Loading properties file  ***************
19:24:22.448 [main] INFO  com.epoccoverter.testcases.TC2_Getrequest - **********Get Request is completed***************
19:24:23.430 [main] INFO  com.epoccoverter.testcases.TC2_Getrequest - **********Get Request is completed***************
19:24:23.435 [main] INFO  com.epoccoverter.testcases.TC2_Getrequest - ********** Loading properties file  ***************
19:24:24.297 [main] INFO  com.epoccoverter.testcases.TC2_Getrequest - **********Get Request is completed***************
19:24:24.297 [main] INFO  com.epoccoverter.testcases.TC2_Getrequest - **********Date validation is completed***************
19:26:52.233 [main] INFO  com.epoccoverter.testcases.TC2_Getrequest - ********** Loading properties file  ***************
19:26:54.274 [main] INFO  com.epoccoverter.testcases.TC2_Getrequest - **********Get Request is completed***************
19:26:54.301 [main] INFO  com.epoccoverter.testcases.TC2_Getrequest - ********** Loading properties file  ***************
19:26:55.378 [main] INFO  com.epoccoverter.testcases.TC2_Getrequest - **********Get Request is completed***************
19:26:55.378 [main] INFO  com.epoccoverter.testcases.TC2_Getrequest - **********Date validation is completed***************
19:31:10.131 [main] INFO  com.epoccoverter.testcases.TC2_Getrequest - ********** Loading properties file  ***************
19:31:12.097 [main] INFO  com.epoccoverter.testcases.TC2_Getrequest - **********Get Request is completed***************
19:31:12.123 [main] INFO  com.epoccoverter.testcases.TC2_Getrequest - ********** Loading properties file  ***************
19:31:13.284 [main] INFO  com.epoccoverter.testcases.TC2_Getrequest - **********Get Request is completed***************
19:31:13.285 [main] INFO  com.epoccoverter.testcases.TC2_Getrequest - **********Date validation is completed***************
19:31:13.289 [main] INFO  com.epoccoverter.testcases.TC2_Getrequest - ********** Test case 4 for blank timestamp ***************
19:31:13.912 [main] INFO  com.epoccoverter.testcases.TC2_Getrequest - **********Get Request is completed***************
19:31:50.533 [main] INFO  com.epoccoverter.testcases.TC2_Getrequest - ********** Loading properties file  ***************
19:31:52.347 [main] INFO  com.epoccoverter.testcases.TC2_Getrequest - **********Get Request is completed***************
19:31:52.372 [main] INFO  com.epoccoverter.testcases.TC2_Getrequest - ********** Loading properties file  ***************
19:31:53.727 [main] INFO  com.epoccoverter.testcases.TC2_Getrequest - **********Get Request is completed***************
19:31:53.728 [main] INFO  com.epoccoverter.testcases.TC2_Getrequest - **********Date validation is completed***************
19:31:53.732 [main] INFO  com.epoccoverter.testcases.TC2_Getrequest - ********** Test case 4 for blank timestamp ***************
19:31:54.020 [main] INFO  com.epoccoverter.testcases.TC2_Getrequest - **********Get Request is completed***************
19:32:54.096 [main] INFO  com.epoccoverter.testcases.TC2_Getrequest - ********** Loading properties file  ***************
19:32:55.833 [main] INFO  com.epoccoverter.testcases.TC2_Getrequest - **********Get Request is completed***************
19:32:56.779 [main] INFO  com.epoccoverter.testcases.TC2_Getrequest - **********Get Request is completed***************
19:32:56.787 [main] INFO  com.epoccoverter.testcases.TC2_Getrequest - ********** Loading properties file  ***************
19:32:58.115 [main] INFO  com.epoccoverter.testcases.TC2_Getrequest - **********Get Request is completed***************
19:32:58.116 [main] INFO  com.epoccoverter.testcases.TC2_Getrequest - **********Date validation is completed***************
19:32:58.124 [main] INFO  com.epoccoverter.testcases.TC2_Getrequest - ********** Test case 4 for blank timestamp ***************
19:32:58.397 [main] INFO  com.epoccoverter.testcases.TC2_Getrequest - **********Get Request is completed***************
19:33:50.818 [main] INFO  com.epoccoverter.testcases.TC2_Getrequest - ********** Loading properties file  ***************
19:33:52.569 [main] INFO  com.epoccoverter.testcases.TC2_Getrequest - **********Get Request is completed***************
19:33:52.891 [main] INFO  com.epoccoverter.testcases.TC2_Getrequest - **********Get Request is completed***************
19:33:52.906 [main] INFO  com.epoccoverter.testcases.TC2_Getrequest - ********** Loading properties file  ***************
19:33:54.239 [main] INFO  com.epoccoverter.testcases.TC2_Getrequest - **********Get Request is completed***************
19:33:54.245 [main] INFO  com.epoccoverter.testcases.TC2_Getrequest - **********Date validation is completed***************
19:33:54.253 [main] INFO  com.epoccoverter.testcases.TC2_Getrequest - ********** Test case 4 for blank timestamp ***************
19:33:54.543 [main] INFO  com.epoccoverter.testcases.TC2_Getrequest - **********Get Request is completed***************
19:36:20.509 [main] INFO  com.epoccoverter.testcases.TC2_Getrequest - ********** Loading properties file  ***************
19:36:22.353 [main] INFO  com.epoccoverter.testcases.TC2_Getrequest - **********Get Request is completed***************
19:36:22.670 [main] INFO  com.epoccoverter.testcases.TC2_Getrequest - **********Get Request is completed***************
19:36:22.684 [main] INFO  com.epoccoverter.testcases.TC2_Getrequest - ********** Loading properties file  ***************
19:36:23.625 [main] INFO  com.epoccoverter.testcases.TC2_Getrequest - **********Get Request is completed***************
19:36:23.629 [main] INFO  com.epoccoverter.testcases.TC2_Getrequest - **********Date validation is completed***************
19:36:23.635 [main] INFO  com.epoccoverter.testcases.TC2_Getrequest - ********** Test case 4 for blank timestamp ***************
19:36:23.908 [main] INFO  com.epoccoverter.testcases.TC2_Getrequest - **********Get Request is completed***************
19:36:58.969 [main] INFO  com.epoccoverter.testcases.TC2_Getrequest - ********** Loading properties file  ***************
19:37:00.752 [main] INFO  com.epoccoverter.testcases.TC2_Getrequest - **********Get Request is completed***************
19:37:01.105 [main] INFO  com.epoccoverter.testcases.TC2_Getrequest - **********Get Request is completed***************
19:37:01.152 [main] INFO  com.epoccoverter.testcases.TC2_Getrequest - ********** Loading properties file  ***************
19:37:01.420 [main] INFO  com.epoccoverter.testcases.TC2_Getrequest - **********Get Request is completed***************
19:37:01.420 [main] INFO  com.epoccoverter.testcases.TC2_Getrequest - **********Date validation is completed***************
19:37:01.431 [main] INFO  com.epoccoverter.testcases.TC2_Getrequest - ********** Test case 4 for blank timestamp ***************
19:37:01.694 [main] INFO  com.epoccoverter.testcases.TC2_Getrequest - **********Get Request is completed***************
19:38:00.288 [main] INFO  com.epoccoverter.testcases.TC2_Getrequest - ********** Loading properties file  ***************
19:38:02.587 [main] INFO  com.epoccoverter.testcases.TC2_Getrequest - **********Get Request is completed***************
19:38:03.589 [main] INFO  com.epoccoverter.testcases.TC2_Getrequest - **********Get Request is completed***************
19:38:03.623 [main] INFO  com.epoccoverter.testcases.TC2_Getrequest - ********** Loading properties file  ***************
19:38:04.148 [main] INFO  com.epoccoverter.testcases.TC2_Getrequest - **********Get Request is completed***************
19:38:04.151 [main] INFO  com.epoccoverter.testcases.TC2_Getrequest - **********Date validation is completed***************
19:38:04.159 [main] INFO  com.epoccoverter.testcases.TC2_Getrequest - ********** Test case 4 for blank timestamp ***************
19:38:04.468 [main] INFO  com.epoccoverter.testcases.TC2_Getrequest - **********Get Request is completed***************
19:42:38.078 [main] INFO  com.epoccoverter.testcases.TC2_Getrequest - ********** Loading properties file  ***************
19:42:39.862 [main] INFO  com.epoccoverter.testcases.TC2_Getrequest - **********Get Request is completed***************
19:42:40.779 [main] INFO  com.epoccoverter.testcases.TC2_Getrequest - **********Get Request is completed***************
19:42:40.789 [main] INFO  com.epoccoverter.testcases.TC2_Getrequest - ********** Loading properties file  ***************
19:42:41.111 [main] INFO  com.epoccoverter.testcases.TC2_Getrequest - **********Get Request is completed***************
19:42:41.112 [main] INFO  com.epoccoverter.testcases.TC2_Getrequest - **********Date validation is completed***************
19:42:41.119 [main] INFO  com.epoccoverter.testcases.TC2_Getrequest - ********** Test case 4 for blank timestamp ***************
19:42:41.430 [main] INFO  com.epoccoverter.testcases.TC2_Getrequest - **********Get Request is completed***************
19:49:34.218 [main] INFO  com.epoccoverter.testcases.TC2_Getrequest - ********** Loading properties file  ***************
19:49:36.520 [main] INFO  com.epoccoverter.testcases.TC2_Getrequest - **********Get Request is completed***************
19:49:37.663 [main] INFO  com.epoccoverter.testcases.TC2_Getrequest - **********Get Request is completed***************
19:49:37.676 [main] INFO  com.epoccoverter.testcases.TC2_Getrequest - ********** Loading properties file  ***************
19:49:38.003 [main] INFO  com.epoccoverter.testcases.TC2_Getrequest - **********Get Request is completed***************
19:49:38.004 [main] INFO  com.epoccoverter.testcases.TC2_Getrequest - **********Date validation is completed***************
19:49:38.011 [main] INFO  com.epoccoverter.testcases.TC2_Getrequest - ********** Test case 4 for blank timestamp ***************
19:49:38.276 [main] INFO  com.epoccoverter.testcases.TC2_Getrequest - **********Get Request is completed***************
19:49:38.286 [main] INFO  com.epoccoverter.testcases.TC2_Getrequest - ********** Test case 4 for blank timestamp ***************
19:49:38.586 [main] INFO  com.epoccoverter.testcases.TC2_Getrequest - **********Get Request is completed***************
19:49:38.587 [main] INFO  com.epoccoverter.testcases.TC2_Getrequest - **********Date validation is completed***************
19:54:27.620 [main] INFO  com.epoccoverter.testcases.TC2_Getrequest - ********** Loading properties file  ***************
19:54:29.418 [main] INFO  com.epoccoverter.testcases.TC2_Getrequest - **********Get Request is completed***************
19:54:30.814 [main] INFO  com.epoccoverter.testcases.TC2_Getrequest - **********Get Request is completed***************
19:54:30.821 [main] INFO  com.epoccoverter.testcases.TC2_Getrequest - ********** Loading properties file  ***************
19:54:31.154 [main] INFO  com.epoccoverter.testcases.TC2_Getrequest - **********Get Request is completed***************
19:54:31.156 [main] INFO  com.epoccoverter.testcases.TC2_Getrequest - **********Date validation is completed***************
19:54:31.166 [main] INFO  com.epoccoverter.testcases.TC2_Getrequest - ********** Test case 4 for blank timestamp ***************
19:54:31.478 [main] INFO  com.epoccoverter.testcases.TC2_Getrequest - **********Get Request is completed***************
19:54:31.487 [main] INFO  com.epoccoverter.testcases.TC2_Getrequest - ********** Test case 4 for blank timestamp ***************
19:54:31.784 [main] INFO  com.epoccoverter.testcases.TC2_Getrequest - **********Get Request is completed***************
19:54:31.786 [main] INFO  com.epoccoverter.testcases.TC2_Getrequest - **********Date validation is completed***************
19:54:32.064 [main] INFO  com.epoccoverter.testcases.TC2_Getrequest - **********Get Request is completed***************
20:16:46.266 [main] INFO  com.epoccoverter.testcases.TC2_Getrequest - ********** Loading properties file  ***************
20:16:47.964 [main] INFO  com.epoccoverter.testcases.TC2_Getrequest - **********Get Request is completed***************
20:16:48.878 [main] INFO  com.epoccoverter.testcases.TC2_Getrequest - **********Get Request is completed***************
20:16:48.886 [main] INFO  com.epoccoverter.testcases.TC2_Getrequest - ********** Loading properties file  ***************
20:16:49.165 [main] INFO  com.epoccoverter.testcases.TC2_Getrequest - **********Get Request is completed***************
20:16:49.167 [main] INFO  com.epoccoverter.testcases.TC2_Getrequest - **********Date validation is completed***************
20:16:49.473 [main] INFO  com.epoccoverter.testcases.TC2_Getrequest - **********Get Request is completed***************
20:16:49.477 [main] INFO  com.epoccoverter.testcases.TC2_Getrequest - ********** Test case 4 for blank timestamp ***************
20:16:49.747 [main] INFO  com.epoccoverter.testcases.TC2_Getrequest - **********Get Request is completed***************
20:16:49.750 [main] INFO  com.epoccoverter.testcases.TC2_Getrequest - **********Date validation is completed***************
20:16:50.097 [main] INFO  com.epoccoverter.testcases.TC2_Getrequest - **********Get Request is completed***************
20:16:50.370 [main] INFO  com.epoccoverter.testcases.TC2_Getrequest - **********Get Request is completed***************
20:31:51.549 [main] INFO  com.epoccoverter.testcases.TC2_Getrequest - ********** Loading properties file  ***************
20:31:54.332 [main] INFO  com.epoccoverter.testcases.TC2_Getrequest - **********Get Request is completed***************
20:31:55.318 [main] INFO  com.epoccoverter.testcases.TC2_Getrequest - **********Get Request is completed***************
20:31:55.335 [main] INFO  com.epoccoverter.testcases.TC2_Getrequest - ********** Loading properties file  ***************
20:31:56.043 [main] INFO  com.epoccoverter.testcases.TC2_Getrequest - **********Get Request is completed***************
20:31:56.045 [main] INFO  com.epoccoverter.testcases.TC2_Getrequest - **********Date validation is completed***************
20:31:57.302 [main] INFO  com.epoccoverter.testcases.TC2_Getrequest - **********Get Request is completed***************
20:31:57.314 [main] INFO  com.epoccoverter.testcases.TC2_Getrequest - ********** Test case 4 for blank timestamp ***************
20:31:57.636 [main] INFO  com.epoccoverter.testcases.TC2_Getrequest - **********Get Request is completed***************
20:31:57.637 [main] INFO  com.epoccoverter.testcases.TC2_Getrequest - **********Date validation is completed***************
20:31:57.956 [main] INFO  com.epoccoverter.testcases.TC2_Getrequest - **********Get Request is completed***************
20:31:58.222 [main] INFO  com.epoccoverter.testcases.TC2_Getrequest - **********Get Request is completed***************
20:34:34.199 [main] INFO  com.epoccoverter.testcases.TC2_Getrequest - ********** Loading properties file  ***************
20:34:36.044 [main] INFO  com.epoccoverter.testcases.TC2_Getrequest - **********Get Request is completed***************
20:34:37.834 [main] INFO  com.epoccoverter.testcases.TC2_Getrequest - **********Get Request is completed***************
20:34:37.843 [main] INFO  com.epoccoverter.testcases.TC2_Getrequest - ********** Loading properties file  ***************
20:34:38.166 [main] INFO  com.epoccoverter.testcases.TC2_Getrequest - **********Get Request is completed***************
20:34:38.168 [main] INFO  com.epoccoverter.testcases.TC2_Getrequest - **********Date validation is completed***************
20:34:39.584 [main] INFO  com.epoccoverter.testcases.TC2_Getrequest - **********Get Request is completed***************
20:34:39.587 [main] INFO  com.epoccoverter.testcases.TC2_Getrequest - ********** Test case 4 for blank timestamp ***************
20:34:39.872 [main] INFO  com.epoccoverter.testcases.TC2_Getrequest - **********Get Request is completed***************
20:34:39.873 [main] INFO  com.epoccoverter.testcases.TC2_Getrequest - **********Date validation is completed***************
20:34:40.220 [main] INFO  com.epoccoverter.testcases.TC2_Getrequest - **********Get Request is completed***************
20:34:40.533 [main] INFO  com.epoccoverter.testcases.TC2_Getrequest - **********Get Request is completed***************
20:38:02.009 [main] INFO  com.epoccoverter.testcases.TC2_Getrequest - ********** Loading properties file  ***************
20:38:05.792 [main] INFO  com.epoccoverter.testcases.TC2_Getrequest - **********Get Request is completed***************
20:38:07.197 [main] INFO  com.epoccoverter.testcases.TC2_Getrequest - **********Get Request is completed***************
20:38:07.218 [main] INFO  com.epoccoverter.testcases.TC2_Getrequest - ********** Loading properties file  ***************
20:38:08.504 [main] INFO  com.epoccoverter.testcases.TC2_Getrequest - **********Get Request is completed***************
20:38:08.504 [main] INFO  com.epoccoverter.testcases.TC2_Getrequest - **********Date validation is completed***************
20:38:09.899 [main] INFO  com.epoccoverter.testcases.TC2_Getrequest - **********Get Request is completed***************
20:38:09.912 [main] INFO  com.epoccoverter.testcases.TC2_Getrequest - ********** Test case 4 for blank timestamp ***************
20:38:10.200 [main] INFO  com.epoccoverter.testcases.TC2_Getrequest - **********Get Request is completed***************
20:38:10.203 [main] INFO  com.epoccoverter.testcases.TC2_Getrequest - **********Date validation is completed***************
20:38:10.513 [main] INFO  com.epoccoverter.testcases.TC2_Getrequest - **********Get Request is completed***************
20:38:10.810 [main] INFO  com.epoccoverter.testcases.TC2_Getrequest - **********Get Request is completed***************
20:40:12.541 [main] INFO  com.epoccoverter.testcases.TC2_Getrequest - ********** Loading properties file  ***************
20:40:14.465 [main] INFO  com.epoccoverter.testcases.TC2_Getrequest - **********Get Request is completed***************
20:40:15.845 [main] INFO  com.epoccoverter.testcases.TC2_Getrequest - **********Get Request is completed***************
20:40:15.861 [main] INFO  com.epoccoverter.testcases.TC2_Getrequest - ********** Loading properties file  ***************
20:40:17.299 [main] INFO  com.epoccoverter.testcases.TC2_Getrequest - **********Get Request is completed***************
20:40:17.300 [main] INFO  com.epoccoverter.testcases.TC2_Getrequest - **********Date validation is completed***************
20:40:18.735 [main] INFO  com.epoccoverter.testcases.TC2_Getrequest - **********Get Request is completed***************
20:40:18.738 [main] INFO  com.epoccoverter.testcases.TC2_Getrequest - ********** Test case 4 for blank timestamp ***************
20:40:19.063 [main] INFO  com.epoccoverter.testcases.TC2_Getrequest - **********Get Request is completed***************
20:40:19.065 [main] INFO  com.epoccoverter.testcases.TC2_Getrequest - **********Date validation is completed***************
20:40:19.559 [main] INFO  com.epoccoverter.testcases.TC2_Getrequest - **********Get Request is completed***************
20:40:19.903 [main] INFO  com.epoccoverter.testcases.TC2_Getrequest - **********Get Request is completed***************
20:41:42.037 [main] INFO  com.epoccoverter.testcases.TC2_Getrequest - ********** Loading properties file  ***************
20:41:43.818 [main] INFO  com.epoccoverter.testcases.TC2_Getrequest - **********Get Request is completed***************
20:41:44.171 [main] INFO  com.epoccoverter.testcases.TC2_Getrequest - **********Get Request is completed***************
20:41:44.187 [main] INFO  com.epoccoverter.testcases.TC2_Getrequest - ********** Loading properties file  ***************
20:41:45.119 [main] INFO  com.epoccoverter.testcases.TC2_Getrequest - **********Get Request is completed***************
20:41:45.122 [main] INFO  com.epoccoverter.testcases.TC2_Getrequest - **********Date validation is completed***************
20:41:46.272 [main] INFO  com.epoccoverter.testcases.TC2_Getrequest - **********Get Request is completed***************
20:41:46.289 [main] INFO  com.epoccoverter.testcases.TC2_Getrequest - ********** Test case 4 for blank timestamp ***************
20:41:46.657 [main] INFO  com.epoccoverter.testcases.TC2_Getrequest - **********Get Request is completed***************
20:41:46.658 [main] INFO  com.epoccoverter.testcases.TC2_Getrequest - **********Date validation is completed***************
20:41:47.048 [main] INFO  com.epoccoverter.testcases.TC2_Getrequest - **********Get Request is completed***************
20:41:47.369 [main] INFO  com.epoccoverter.testcases.TC2_Getrequest - **********Get Request is completed***************
20:43:17.748 [main] INFO  com.epoccoverter.testcases.TC2_Getrequest - ********** Loading properties file  ***************
20:43:19.518 [main] INFO  com.epoccoverter.testcases.TC2_Getrequest - **********Get Request is completed***************
20:43:19.815 [main] INFO  com.epoccoverter.testcases.TC2_Getrequest - **********Get Request is completed***************
20:43:19.829 [main] INFO  com.epoccoverter.testcases.TC2_Getrequest - ********** Loading properties file  ***************
20:43:20.895 [main] INFO  com.epoccoverter.testcases.TC2_Getrequest - **********Get Request is completed***************
20:43:20.895 [main] INFO  com.epoccoverter.testcases.TC2_Getrequest - **********Date validation is completed***************
20:43:22.736 [main] INFO  com.epoccoverter.testcases.TC2_Getrequest - **********Get Request is completed***************
20:43:22.751 [main] INFO  com.epoccoverter.testcases.TC2_Getrequest - ********** Test case 4 for blank timestamp ***************
20:43:23.063 [main] INFO  com.epoccoverter.testcases.TC2_Getrequest - **********Get Request is completed***************
20:43:23.065 [main] INFO  com.epoccoverter.testcases.TC2_Getrequest - **********Date validation is completed***************
20:43:23.374 [main] INFO  com.epoccoverter.testcases.TC2_Getrequest - **********Get Request is completed***************
20:43:23.653 [main] INFO  com.epoccoverter.testcases.TC2_Getrequest - **********Get Request is completed***************
23:43:55.597 [main] INFO  com.epoccoverter.testcases.TC01_Getrequest - ********** Loading properties file  ***************
23:43:58.051 [main] INFO  com.epoccoverter.testcases.TC01_Getrequest - **********Get Request is completed***************
23:45:07.244 [main] INFO  com.epoccoverter.testcases.TC01_Getrequest - ********** Loading properties file  ***************
23:45:10.023 [main] INFO  com.epoccoverter.testcases.TC01_Getrequest - **********Get Request is completed***************
23:47:30.198 [main] INFO  com.epoccoverter.testcases.TC01_Getrequest - ********** Loading properties file  ***************
23:56:06.352 [main] INFO  com.epoccoverter.testcases.TC01_Getrequest - ********** Loading properties file  ***************
23:56:08.866 [main] INFO  com.epoccoverter.testcases.TC01_Getrequest - **********Get Request is completed***************
23:56:57.298 [main] INFO  com.epoccoverter.testcases.TC01_Getrequest - ********** Loading properties file  ***************
00:11:35.138 [main] DEBUG com.epoccoverter.testcases.TC01_Getrequest - debugging.....
00:11:36.920 [main] INFO  com.epoccoverter.testcases.TC01_Getrequest - **********Get Request is completed***************
00:12:47.817 [main] DEBUG com.epoccoverter.testcases.TC01_Getrequest - debugging.....
00:12:50.559 [main] INFO  com.epoccoverter.testcases.TC01_Getrequest - **********Get Request is completed***************
00:13:26.983 [main] DEBUG com.epoccoverter.testcases.TC01_Getrequest - debugging.....
00:13:28.731 [main] INFO  com.epoccoverter.testcases.TC01_Getrequest - **********Get Request is completed***************
00:16:19.291 [main] DEBUG com.epoccoverter.testcases.TC01_Getrequest - debugging.....
00:16:21.692 [main] INFO  com.epoccoverter.testcases.TC01_Getrequest - **********Get Request is completed***************
00:16:36.350 [main] DEBUG com.epoccoverter.testcases.TC01_Getrequest - debugging.....
00:16:38.675 [main] INFO  com.epoccoverter.testcases.TC01_Getrequest - **********Get Request is completed***************
00:17:12.500 [main] DEBUG com.epoccoverter.testcases.TC01_Getrequest - debugging.....
00:17:14.830 [main] INFO  com.epoccoverter.testcases.TC01_Getrequest - **********Get Request is completed***************
00:18:10.726 [main] DEBUG com.epoccoverter.testcases.TC01_Getrequest - debugging.....
00:18:13.023 [main] INFO  com.epoccoverter.testcases.TC01_Getrequest - **********Get Request is completed***************
00:18:37.274 [main] DEBUG com.epoccoverter.testcases.TC01_Getrequest - debugging.....
00:18:39.667 [main] INFO  com.epoccoverter.testcases.TC01_Getrequest - **********Get Request is completed***************
00:19:57.820 [main] DEBUG com.epoccoverter.testcases.TC01_Getrequest - debugging.....
00:19:59.673 [main] INFO  com.epoccoverter.testcases.TC01_Getrequest - **********Get Request is completed***************
00:28:36.427 [main] DEBUG com.epoccoverter.testcases.TC01_Getrequest - debugging.....
00:28:36.443 [main] INFO  com.epoccoverter.testcases.TC01_Getrequest - ********** Loading properties file  ***************
00:28:38.858 [main] INFO  com.epoccoverter.testcases.TC01_Getrequest - **********Get Request is completed***************
00:29:26.074 [main] INFO  com.epoccoverter.testcases.TC01_Getrequest - ********** Loading properties file  ***************
00:29:28.869 [main] INFO  com.epoccoverter.testcases.TC01_Getrequest - **********Get Request is completed***************
00:31:51.529 [main] DEBUG com.epoccoverter.testcases.TC01_Getrequest - debugging.....
00:31:53.301 [main] INFO  com.epoccoverter.testcases.TC01_Getrequest - **********Get Request is completed***************
03:20:58.228 [main] INFO  com.epoccoverter.testcases.TC01_Getrequest - ********** Loading properties file  ***************
03:21:35.206 [main] INFO  com.epoccoverter.testcases.TC01_Getrequest - ********** Loading properties file  ***************
03:22:53.154 [main] DEBUG com.epoccoverter.testcases.TC01_Getrequest - debugging.....
03:22:53.171 [main] INFO  com.epoccoverter.testcases.TC01_Getrequest - ********** Loading properties file  ***************
03:22:56.437 [main] INFO  com.epoccoverter.testcases.TC01_Getrequest - **********Get Request is completed***************
03:23:23.742 [main] DEBUG com.epoccoverter.testcases.TC01_Getrequest - debugging.....
03:23:23.762 [main] INFO  com.epoccoverter.testcases.TC01_Getrequest - ********** Loading properties file  ***************
03:23:25.304 [main] INFO  com.epoccoverter.testcases.TC01_Getrequest - **********Get Request is completed***************
03:25:28.593 [main] DEBUG com.epoccoverter.testcases.TC01_Getrequest - debugging.....
03:25:28.612 [main] INFO  com.epoccoverter.testcases.TC01_Getrequest - ********** Loading properties file  ***************
03:25:30.239 [main] INFO  com.epoccoverter.testcases.TC01_Getrequest - **********Get Request is completed***************
03:25:30.529 [main] INFO  com.epoccoverter.testcases.TC01_Getrequest - **********Get Request is completed***************
03:29:12.281 [main] DEBUG com.epoccoverter.testcases.TC01_Getrequest - debugging.....
03:29:12.299 [main] INFO  com.epoccoverter.testcases.TC01_Getrequest - ********** Loading properties file  ***************
03:29:14.031 [main] INFO  com.epoccoverter.testcases.TC01_Getrequest - **********Get Request is completed***************
03:29:14.334 [main] INFO  com.epoccoverter.testcases.TC01_Getrequest - **********Get Request is completed***************
03:29:14.636 [main] INFO  com.epoccoverter.testcases.TC01_Getrequest - **********Date validation is completed***************
03:35:14.326 [main] DEBUG com.epoccoverter.testcases.TC01_Getrequest - debugging.....
03:35:14.344 [main] INFO  com.epoccoverter.testcases.TC01_Getrequest - ********** Loading properties file  ***************
03:35:15.966 [main] INFO  com.epoccoverter.testcases.TC01_Getrequest - **********Get Request is completed***************
03:35:16.258 [main] INFO  com.epoccoverter.testcases.TC01_Getrequest - **********Get Request is completed***************
03:35:16.512 [main] INFO  com.epoccoverter.testcases.TC01_Getrequest - **********Date validation is completed***************
03:35:16.804 [main] INFO  com.epoccoverter.testcases.TC01_Getrequest - **********Get Request is completed***************
03:37:38.892 [main] DEBUG com.epoccoverter.testcases.TC01_Getrequest - debugging.....
03:37:38.908 [main] INFO  com.epoccoverter.testcases.TC01_Getrequest - ********** Loading properties file  ***************
03:37:40.561 [main] INFO  com.epoccoverter.testcases.TC01_Getrequest - **********Get Request is completed***************
03:37:40.914 [main] INFO  com.epoccoverter.testcases.TC01_Getrequest - **********Get Request is completed***************
03:37:40.916 [main] INFO  com.epoccoverter.testcases.TC01_Getrequest - **********Assertion is completed***************
03:37:41.193 [main] INFO  com.epoccoverter.testcases.TC01_Getrequest - **********Date validation is completed***************
03:37:41.485 [main] INFO  com.epoccoverter.testcases.TC01_Getrequest - **********Get Request is completed***************
03:44:20.124 [main] DEBUG com.epoccoverter.testcases.TC01_Getrequest - debugging.....
03:44:20.142 [main] INFO  com.epoccoverter.testcases.TC01_Getrequest - ********** Loading properties file  ***************
03:44:22.030 [main] INFO  com.epoccoverter.testcases.TC01_Getrequest - **********Get Request is completed***************
03:44:22.360 [main] INFO  com.epoccoverter.testcases.TC01_Getrequest - **********Get Request is completed***************
03:44:22.362 [main] INFO  com.epoccoverter.testcases.TC01_Getrequest - **********Assertion is completed***************
03:44:22.708 [main] INFO  com.epoccoverter.testcases.TC01_Getrequest - **********Date validation is completed***************
03:44:23.036 [main] INFO  com.epoccoverter.testcases.TC01_Getrequest - **********Get Request is completed***************
03:44:23.484 [main] INFO  com.epoccoverter.testcases.TC01_Getrequest - **********Get Request is completed***************
03:44:23.485 [main] INFO  com.epoccoverter.testcases.TC01_Getrequest - **********Assertion is completed***************
03:44:24.774 [main] INFO  com.epoccoverter.testcases.TC01_Getrequest - **********Get Request is completed***************
03:44:26.217 [main] INFO  com.epoccoverter.testcases.TC01_Getrequest - **********Get Request is completed***************
03:46:48.656 [main] DEBUG com.epoccoverter.testcases.TC01_Getrequest - debugging.....
03:46:48.672 [main] INFO  com.epoccoverter.testcases.TC01_Getrequest - ********** Loading properties file  ***************
03:46:50.847 [main] INFO  com.epoccoverter.testcases.TC01_Getrequest - **********Get Request is completed***************
03:46:51.126 [main] INFO  com.epoccoverter.testcases.TC01_Getrequest - **********Get Request is completed***************
03:46:51.128 [main] INFO  com.epoccoverter.testcases.TC01_Getrequest - **********Assertion is completed***************
03:46:51.451 [main] INFO  com.epoccoverter.testcases.TC01_Getrequest - **********Date validation is completed***************
03:46:51.858 [main] INFO  com.epoccoverter.testcases.TC01_Getrequest - **********Get Request is completed***************
03:46:52.339 [main] INFO  com.epoccoverter.testcases.TC01_Getrequest - **********Get Request is completed***************
03:46:52.339 [main] INFO  com.epoccoverter.testcases.TC01_Getrequest - **********Assertion is completed***************
03:46:53.574 [main] INFO  com.epoccoverter.testcases.TC01_Getrequest - **********Get Request is completed***************
03:46:55.142 [main] INFO  com.epoccoverter.testcases.TC01_Getrequest - **********Get Request is completed***************
03:48:05.077 [main] DEBUG com.epoccoverter.testcases.TC01_Getrequest - debugging.....
03:48:05.093 [main] INFO  com.epoccoverter.testcases.TC01_Getrequest - ********** Loading properties file  ***************
03:48:06.693 [main] INFO  com.epoccoverter.testcases.TC01_Getrequest - **********Get Request is completed***************
03:48:07.011 [main] INFO  com.epoccoverter.testcases.TC01_Getrequest - **********Get Request is completed***************
03:48:07.013 [main] INFO  com.epoccoverter.testcases.TC01_Getrequest - **********Assertion is completed***************
03:48:07.680 [main] INFO  com.epoccoverter.testcases.TC01_Getrequest - **********Date validation is completed***************
03:48:07.967 [main] INFO  com.epoccoverter.testcases.TC01_Getrequest - **********Get Request is completed***************
03:48:08.213 [main] INFO  com.epoccoverter.testcases.TC01_Getrequest - **********Get Request is completed***************
